2023-05-14 15:16:59,259 INFO o.a.j.u.JMeterUtils: Setting Locale to en_EN
2023-05-14 15:16:59,284 INFO o.a.j.JMeter: Loading user properties from: user.properties
2023-05-14 15:16:59,284 INFO o.a.j.JMeter: Loading system properties from: system.properties
2023-05-14 15:16:59,307 INFO o.a.j.JMeter: Copyright (c) 1998-2022 The Apache Software Foundation
2023-05-14 15:16:59,307 INFO o.a.j.JMeter: Version 5.5
2023-05-14 15:16:59,307 INFO o.a.j.JMeter: java.version=18.0.2.1
2023-05-14 15:16:59,307 INFO o.a.j.JMeter: java.vm.name=Java HotSpot(TM) 64-Bit Server VM
2023-05-14 15:16:59,307 INFO o.a.j.JMeter: os.name=Windows 11
2023-05-14 15:16:59,307 INFO o.a.j.JMeter: os.arch=amd64
2023-05-14 15:16:59,308 INFO o.a.j.JMeter: os.version=10.0
2023-05-14 15:16:59,308 INFO o.a.j.JMeter: file.encoding=UTF-8
2023-05-14 15:16:59,308 INFO o.a.j.JMeter: java.awt.headless=null
2023-05-14 15:16:59,308 INFO o.a.j.JMeter: Max memory     =1073741824
2023-05-14 15:16:59,308 INFO o.a.j.JMeter: Available Processors =8
2023-05-14 15:16:59,323 INFO o.a.j.JMeter: Default Locale=English (EN)
2023-05-14 15:16:59,328 INFO o.a.j.JMeter: JMeter  Locale=English (EN)
2023-05-14 15:16:59,328 INFO o.a.j.JMeter: JMeterHome=C:\Users\KEVIN CHANG\Desktop\TEC\Base de Datos I\Entregas\Caso #3\Preliminar #4\Preliminar4\apache-jmeter-5.5
2023-05-14 15:16:59,328 INFO o.a.j.JMeter: user.dir  =C:\Users\KEVIN CHANG\Desktop\TEC\Base de Datos I\Entregas\Caso #3\Preliminar #4\Preliminar4\apache-jmeter-5.5\bin
2023-05-14 15:16:59,329 INFO o.a.j.JMeter: PWD       =C:\Users\KEVIN CHANG\Desktop\TEC\Base de Datos I\Entregas\Caso #3\Preliminar #4\Preliminar4\apache-jmeter-5.5\bin
2023-05-14 15:16:59,330 INFO o.a.j.JMeter: IP: 192.168.10.195 Name: KEVIN-CC FullName: KEVIN-CC
2023-05-14 15:16:59,341 INFO o.a.j.JMeter: Loaded icon properties from org/apache/jmeter/images/icon.properties
2023-05-14 15:16:59,564 INFO o.a.j.JMeterGuiLauncher: Setting LAF to: com.github.weisj.darklaf.DarkLaf:com.github.weisj.darklaf.theme.DarculaTheme
2023-05-14 15:17:11,128 INFO o.a.j.s.FileServer: Default base='C:\Users\KEVIN CHANG\Desktop\TEC\Base de Datos I\Entregas\Caso #3\Preliminar #4\Preliminar4\apache-jmeter-5.5\bin'
2023-05-14 15:17:11,132 INFO o.a.j.g.a.Load: Loading file: C:\Users\KEVIN CHANG\Desktop\apache-jmeter-5.5\bin\Test1.jmx
2023-05-14 15:17:11,132 INFO o.a.j.s.FileServer: Set new base='C:\Users\KEVIN CHANG\Desktop\apache-jmeter-5.5\bin'
2023-05-14 15:17:11,425 INFO o.a.j.s.SaveService: Testplan (JMX) version: 2.2. Testlog (JTL) version: 2.2
2023-05-14 15:17:11,459 INFO o.a.j.s.SaveService: Using SaveService properties version 5.0
2023-05-14 15:17:11,461 INFO o.a.j.s.SaveService: Using SaveService properties file encoding UTF-8
2023-05-14 15:17:11,463 INFO o.a.j.s.SaveService: Loading file: C:\Users\KEVIN CHANG\Desktop\apache-jmeter-5.5\bin\Test1.jmx
2023-05-14 15:17:11,464 WARN o.a.j.g.a.Load: Error reading file. java.io.FileNotFoundException: C:\Users\KEVIN CHANG\Desktop\apache-jmeter-5.5\bin\Test1.jmx (The system cannot find the path specified)
2023-05-14 15:17:11,464 ERROR o.a.j.u.JMeterUtils: C:\Users\KEVIN CHANG\Desktop\apache-jmeter-5.5\bin\Test1.jmx (The system cannot find the path specified)
2023-05-14 15:17:26,455 INFO o.a.j.g.a.Load: Loading file: C:\Users\KEVIN CHANG\Desktop\TEC\Base de Datos I\Entregas\Caso #3\Preliminar #4\Preliminar4\apache-jmeter-5.5\bin\Test1.jmx
2023-05-14 15:17:26,455 INFO o.a.j.s.FileServer: Set new base='C:\Users\KEVIN CHANG\Desktop\TEC\Base de Datos I\Entregas\Caso #3\Preliminar #4\Preliminar4\apache-jmeter-5.5\bin'
2023-05-14 15:17:26,455 INFO o.a.j.s.SaveService: Loading file: C:\Users\KEVIN CHANG\Desktop\TEC\Base de Datos I\Entregas\Caso #3\Preliminar #4\Preliminar4\apache-jmeter-5.5\bin\Test1.jmx
2023-05-14 15:17:26,491 INFO o.a.j.p.h.s.HTTPSamplerBase: Parser for text/html is org.apache.jmeter.protocol.http.parser.LagartoBasedHtmlParser
2023-05-14 15:17:26,491 INFO o.a.j.p.h.s.HTTPSamplerBase: Parser for application/xhtml+xml is org.apache.jmeter.protocol.http.parser.LagartoBasedHtmlParser
2023-05-14 15:17:26,491 INFO o.a.j.p.h.s.HTTPSamplerBase: Parser for application/xml is org.apache.jmeter.protocol.http.parser.LagartoBasedHtmlParser
2023-05-14 15:17:26,491 INFO o.a.j.p.h.s.HTTPSamplerBase: Parser for text/xml is org.apache.jmeter.protocol.http.parser.LagartoBasedHtmlParser
2023-05-14 15:17:26,491 INFO o.a.j.p.h.s.HTTPSamplerBase: Parser for text/vnd.wap.wml is org.apache.jmeter.protocol.http.parser.RegexpHTMLParser
2023-05-14 15:17:26,491 INFO o.a.j.p.h.s.HTTPSamplerBase: Parser for text/css is org.apache.jmeter.protocol.http.parser.CssParser
2023-05-14 15:17:26,648 INFO o.a.j.s.SampleResult: Note: Sample TimeStamps are START times
2023-05-14 15:17:26,648 INFO o.a.j.s.SampleResult: sampleresult.default.encoding is set to ISO-8859-1
2023-05-14 15:17:26,649 INFO o.a.j.s.SampleResult: sampleresult.useNanoTime=true
2023-05-14 15:17:26,649 INFO o.a.j.s.SampleResult: sampleresult.nanoThreadSleep=5000
2023-05-14 15:17:26,858 INFO o.a.j.v.ViewResultsFullVisualizer: Add JavaFX to your Java installation if you want to use renderer: org.apache.jmeter.visualizers.RenderInBrowser
2023-05-14 15:17:27,061 INFO o.a.j.s.FileServer: Set new base='C:\Users\KEVIN CHANG\Desktop\TEC\Base de Datos I\Entregas\Caso #3\Preliminar #4\Preliminar4\apache-jmeter-5.5\bin'
